  [1m[35m (0.6ms)[0m  [1m[34mSELECT "schema_migrations"."version" FROM "schema_migrations" ORDER BY "schema_migrations"."version" ASC[0m
  ↳ /home/sitheris/.rbenv/versions/2.5.0/bin/rake:23
  [1m[35m (0.4ms)[0m  [1m[34mSELECT "ar_internal_metadata"."value" FROM "ar_internal_metadata" WHERE "ar_internal_metadata"."key" = $1[0m  [["key", "environment"]]
  ↳ /home/sitheris/.rbenv/versions/2.5.0/bin/rake:23
  [1m[35m (0.3ms)[0m  [1m[34mSELECT "schema_migrations"."version" FROM "schema_migrations" ORDER BY "schema_migrations"."version" ASC[0m
  ↳ /home/sitheris/.rbenv/versions/2.5.0/bin/rake:23
  [1m[35m (0.3ms)[0m  [1m[34mSELECT "ar_internal_metadata"."value" FROM "ar_internal_metadata" WHERE "ar_internal_metadata"."key" = $1[0m  [["key", "environment"]]
  ↳ /home/sitheris/.rbenv/versions/2.5.0/bin/rake:23
  [1m[35m (0.3ms)[0m  [1m[34mSELECT "schema_migrations"."version" FROM "schema_migrations" ORDER BY "schema_migrations"."version" ASC[0m
  ↳ /home/sitheris/.rbenv/versions/2.5.0/bin/rake:23
  [1m[35m (0.3ms)[0m  [1m[34mSELECT "ar_internal_metadata"."value" FROM "ar_internal_metadata" WHERE "ar_internal_metadata"."key" = $1[0m  [["key", "environment"]]
  ↳ /home/sitheris/.rbenv/versions/2.5.0/bin/rake:23
  [1m[35m (112.4ms)[0m  [1m[35mDROP DATABASE IF EXISTS "oluprofile_dummy"[0m
  ↳ /home/sitheris/.rbenv/versions/2.5.0/bin/rake:23
  [1m[35m (120.8ms)[0m  [1m[35mDROP DATABASE IF EXISTS "oluprofile_dummy_test"[0m
  ↳ /home/sitheris/.rbenv/versions/2.5.0/bin/rake:23
  [1m[35m (271.6ms)[0m  [1m[35mCREATE DATABASE "oluprofile_dummy" ENCODING = 'unicode'[0m
  ↳ /home/sitheris/.rbenv/versions/2.5.0/bin/rake:23
  [1m[35m (278.1ms)[0m  [1m[35mCREATE DATABASE "oluprofile_dummy_test" ENCODING = 'unicode'[0m
  ↳ /home/sitheris/.rbenv/versions/2.5.0/bin/rake:23
  [1m[35m (8.2ms)[0m  [1m[35mCREATE TABLE "schema_migrations" ("version" character varying NOT NULL PRIMARY KEY)[0m
  ↳ /home/sitheris/.rbenv/versions/2.5.0/bin/rake:23
  [1m[35m (10.2ms)[0m  [1m[35mCREATE TABLE "ar_internal_metadata" ("key" character varying NOT NULL PRIMARY KEY, "value" character varying, "created_at" timestamp NOT NULL, "updated_at" timestamp NOT NULL)[0m
  ↳ /home/sitheris/.rbenv/versions/2.5.0/bin/rake:23
  [1m[35m (0.4ms)[0m  [1m[34mSELECT pg_try_advisory_lock(4591150052908494600)[0m
  ↳ /home/sitheris/.rbenv/versions/2.5.0/bin/rake:23
  [1m[35m (0.5ms)[0m  [1m[34mSELECT "schema_migrations"."version" FROM "schema_migrations" ORDER BY "schema_migrations"."version" ASC[0m
  ↳ /home/sitheris/.rbenv/versions/2.5.0/bin/rake:23
  [1m[36mActiveRecord::InternalMetadata Load (0.5ms)[0m  [1m[34mSELECT  "ar_internal_metadata".* FROM "ar_internal_metadata" WHERE "ar_internal_metadata"."key" = $1 LIMIT $2[0m  [["key", "environment"], ["LIMIT", 1]]
  ↳ /home/sitheris/.rbenv/versions/2.5.0/bin/rake:23
  [1m[35m (0.3ms)[0m  [1m[35mBEGIN[0m
  ↳ /home/sitheris/.rbenv/versions/2.5.0/bin/rake:23
  [1m[36mActiveRecord::InternalMetadata Create (0.5ms)[0m  [1m[32mINSERT INTO "ar_internal_metadata" ("key", "value", "created_at", "updated_at") VALUES ($1, $2, $3, $4) RETURNING "key"[0m  [["key", "environment"], ["value", "development"], ["created_at", "2018-08-15 13:01:48.963038"], ["updated_at", "2018-08-15 13:01:48.963038"]]
  ↳ /home/sitheris/.rbenv/versions/2.5.0/bin/rake:23
  [1m[35m (0.9ms)[0m  [1m[35mCOMMIT[0m
  ↳ /home/sitheris/.rbenv/versions/2.5.0/bin/rake:23
  [1m[35m (0.4ms)[0m  [1m[34mSELECT pg_advisory_unlock(4591150052908494600)[0m
  ↳ /home/sitheris/.rbenv/versions/2.5.0/bin/rake:23
  [1m[35m (0.4ms)[0m  [1m[34mSELECT "schema_migrations"."version" FROM "schema_migrations" ORDER BY "schema_migrations"."version" ASC[0m
  ↳ /home/sitheris/.rbenv/versions/2.5.0/bin/rake:23
  [1m[35m (0.9ms)[0m  [1m[34mSELECT "schema_migrations"."version" FROM "schema_migrations" ORDER BY "schema_migrations"."version" ASC[0m
  ↳ /home/sitheris/.rbenv/versions/2.5.0/bin/rake:23
  [1m[35m (0.2ms)[0m  [1m[34mSELECT "schema_migrations"."version" FROM "schema_migrations" ORDER BY "schema_migrations"."version" ASC[0m
  ↳ /home/sitheris/.rbenv/versions/2.5.0/bin/rake:23
  [1m[35m (107.9ms)[0m  [1m[35mDROP DATABASE IF EXISTS "oluprofile_dummy"[0m
  ↳ /home/sitheris/.rbenv/versions/2.5.0/bin/rake:23
  [1m[35m (105.5ms)[0m  [1m[35mDROP DATABASE IF EXISTS "oluprofile_dummy_test"[0m
  ↳ /home/sitheris/.rbenv/versions/2.5.0/bin/rake:23
  [1m[35m (368.6ms)[0m  [1m[35mCREATE DATABASE "oluprofile_dummy" ENCODING = 'unicode'[0m
  ↳ /home/sitheris/.rbenv/versions/2.5.0/bin/rake:23
  [1m[35m (262.1ms)[0m  [1m[35mCREATE DATABASE "oluprofile_dummy_test" ENCODING = 'unicode'[0m
  ↳ /home/sitheris/.rbenv/versions/2.5.0/bin/rake:23
  [1m[35m (11.4ms)[0m  [1m[35mCREATE TABLE "schema_migrations" ("version" character varying NOT NULL PRIMARY KEY)[0m
  ↳ /home/sitheris/.rbenv/versions/2.5.0/bin/rake:23
  [1m[35m (12.7ms)[0m  [1m[35mCREATE TABLE "ar_internal_metadata" ("key" character varying NOT NULL PRIMARY KEY, "value" character varying, "created_at" timestamp NOT NULL, "updated_at" timestamp NOT NULL)[0m
  ↳ /home/sitheris/.rbenv/versions/2.5.0/bin/rake:23
  [1m[35m (0.4ms)[0m  [1m[34mSELECT pg_try_advisory_lock(4591150052908494600)[0m
  ↳ /home/sitheris/.rbenv/versions/2.5.0/bin/rake:23
  [1m[35m (0.5ms)[0m  [1m[34mSELECT "schema_migrations"."version" FROM "schema_migrations" ORDER BY "schema_migrations"."version" ASC[0m
  ↳ /home/sitheris/.rbenv/versions/2.5.0/bin/rake:23
  [1m[36mActiveRecord::InternalMetadata Load (0.4ms)[0m  [1m[34mSELECT  "ar_internal_metadata".* FROM "ar_internal_metadata" WHERE "ar_internal_metadata"."key" = $1 LIMIT $2[0m  [["key", "environment"], ["LIMIT", 1]]
  ↳ /home/sitheris/.rbenv/versions/2.5.0/bin/rake:23
  [1m[35m (0.3ms)[0m  [1m[35mBEGIN[0m
  ↳ /home/sitheris/.rbenv/versions/2.5.0/bin/rake:23
  [1m[36mActiveRecord::InternalMetadata Create (0.5ms)[0m  [1m[32mINSERT INTO "ar_internal_metadata" ("key", "value", "created_at", "updated_at") VALUES ($1, $2, $3, $4) RETURNING "key"[0m  [["key", "environment"], ["value", "development"], ["created_at", "2018-08-16 21:58:22.041253"], ["updated_at", "2018-08-16 21:58:22.041253"]]
  ↳ /home/sitheris/.rbenv/versions/2.5.0/bin/rake:23
  [1m[35m (2.1ms)[0m  [1m[35mCOMMIT[0m
  ↳ /home/sitheris/.rbenv/versions/2.5.0/bin/rake:23
  [1m[35m (0.4ms)[0m  [1m[34mSELECT pg_advisory_unlock(4591150052908494600)[0m
  ↳ /home/sitheris/.rbenv/versions/2.5.0/bin/rake:23
  [1m[35m (0.4ms)[0m  [1m[34mSELECT "schema_migrations"."version" FROM "schema_migrations" ORDER BY "schema_migrations"."version" ASC[0m
  ↳ /home/sitheris/.rbenv/versions/2.5.0/bin/rake:23
  [1m[35m (0.3ms)[0m  [1m[34mSELECT pg_try_advisory_lock(4591150052908494600)[0m
  ↳ /home/sitheris/.rbenv/versions/2.5.0/bin/rake:23
  [1m[35m (0.5ms)[0m  [1m[34mSELECT "schema_migrations"."version" FROM "schema_migrations" ORDER BY "schema_migrations"."version" ASC[0m
  ↳ /home/sitheris/.rbenv/versions/2.5.0/bin/rake:23
Migrating to SorceryCore (20180816231546)
  [1m[35m (0.3ms)[0m  [1m[35mBEGIN[0m
  ↳ /home/sitheris/.rbenv/versions/2.5.0/bin/rake:23
  [1m[35m (11.8ms)[0m  [1m[35mCREATE TABLE "oluprofile_users" ("id" bigserial primary key, "email" character varying NOT NULL, "crypted_password" character varying, "salt" character varying, "first_name" character varying NOT NULL, "last_name" character varying NOT NULL, "description" character varying, "phone_number" character varying, "location" character varying, "created_at" timestamp NOT NULL, "updated_at" timestamp NOT NULL)[0m
  ↳ /home/sitheris/dev/railsapps/oluprofile/db/migrate/20180816231546_sorcery_core.rb:3
  [1m[35m (4.5ms)[0m  [1m[35mCREATE UNIQUE INDEX  "index_oluprofile_users_on_email" ON "oluprofile_users"  ("email")[0m
  ↳ /home/sitheris/dev/railsapps/oluprofile/db/migrate/20180816231546_sorcery_core.rb:15
  [1m[36mActiveRecord::SchemaMigration Create (0.4ms)[0m  [1m[32mINSERT INTO "schema_migrations" ("version") VALUES ($1) RETURNING "version"[0m  [["version", "20180816231546"]]
  ↳ /home/sitheris/.rbenv/versions/2.5.0/bin/rake:23
  [1m[35m (2.2ms)[0m  [1m[35mCOMMIT[0m
  ↳ /home/sitheris/.rbenv/versions/2.5.0/bin/rake:23
  [1m[36mActiveRecord::InternalMetadata Load (0.4ms)[0m  [1m[34mSELECT  "ar_internal_metadata".* FROM "ar_internal_metadata" WHERE "ar_internal_metadata"."key" = $1 LIMIT $2[0m  [["key", "environment"], ["LIMIT", 1]]
  ↳ /home/sitheris/.rbenv/versions/2.5.0/bin/rake:23
  [1m[35m (0.9ms)[0m  [1m[35mBEGIN[0m
  ↳ /home/sitheris/.rbenv/versions/2.5.0/bin/rake:23
  [1m[35m (0.4ms)[0m  [1m[35mCOMMIT[0m
  ↳ /home/sitheris/.rbenv/versions/2.5.0/bin/rake:23
  [1m[35m (0.4ms)[0m  [1m[34mSELECT pg_advisory_unlock(4591150052908494600)[0m
  ↳ /home/sitheris/.rbenv/versions/2.5.0/bin/rake:23
  [1m[35m (0.3ms)[0m  [1m[34mSELECT "schema_migrations"."version" FROM "schema_migrations" ORDER BY "schema_migrations"."version" ASC[0m
  ↳ /home/sitheris/.rbenv/versions/2.5.0/bin/rake:23
Started GET "/oluprofile/users" for 127.0.0.1 at 2018-08-18 21:34:55 -0400
Processing by Oluprofile::UsersController#index as HTML
Completed 500 Internal Server Error in 157ms (ActiveRecord: 0.0ms)



NameError - undefined local variable or method `login_path' for #<Oluprofile::UsersController:0x00007fbac00d97b0>:

Started POST "/oluprofile/__better_errors/814df15dbcef7c77/variables" for 127.0.0.1 at 2018-08-18 21:34:55 -0400
Started GET "/oluprofile/" for 127.0.0.1 at 2018-08-20 06:27:04 -0400
Processing by Oluprofile::UsersController#index as HTML
Redirected to http://localhost:3000/oluprofile/login
Filter chain halted as :require_login rendered or redirected
Completed 302 Found in 6ms (ActiveRecord: 0.0ms)


Started GET "/oluprofile/login" for 127.0.0.1 at 2018-08-20 06:27:04 -0400
Processing by Oluprofile::UserSessionsController#new as HTML
  Rendering /home/sitheris/dev/railsapps/oluprofile/app/views/oluprofile/user_sessions/new.html.erb within layouts/oluprofile/application
  Rendered /home/sitheris/dev/railsapps/oluprofile/app/views/oluprofile/user_sessions/_form.html.erb (1.9ms)
  Rendered /home/sitheris/dev/railsapps/oluprofile/app/views/oluprofile/user_sessions/new.html.erb within layouts/oluprofile/application (5.5ms)
Completed 200 OK in 478ms (Views: 400.8ms | ActiveRecord: 16.0ms)


Started GET "/oluprofile/users/new" for 127.0.0.1 at 2018-08-20 06:27:08 -0400
Processing by Oluprofile::UsersController#new as HTML
  Rendering /home/sitheris/dev/railsapps/oluprofile/app/views/oluprofile/users/new.html.erb within layouts/oluprofile/application
  Rendered /home/sitheris/dev/railsapps/oluprofile/app/views/oluprofile/users/_form.html.erb (270.6ms)
  Rendered /home/sitheris/dev/railsapps/oluprofile/app/views/oluprofile/users/new.html.erb within layouts/oluprofile/application (272.1ms)
Completed 500 Internal Server Error in 278ms (ActiveRecord: 0.0ms)



NameError - undefined local variable or method `f' for #<#<Class:0x00007f0f4962edc8>:0x00007f0f49616fe8>:

Started POST "/oluprofile/__better_errors/9394417551166a78/variables" for 127.0.0.1 at 2018-08-20 06:27:09 -0400
Started GET "/oluprofile/login" for 127.0.0.1 at 2018-08-20 06:27:51 -0400
Processing by Oluprofile::UserSessionsController#new as HTML
  Rendering /home/sitheris/dev/railsapps/oluprofile/app/views/oluprofile/user_sessions/new.html.erb within layouts/oluprofile/application
  Rendered /home/sitheris/dev/railsapps/oluprofile/app/views/oluprofile/user_sessions/_form.html.erb (1.4ms)
  Rendered /home/sitheris/dev/railsapps/oluprofile/app/views/oluprofile/user_sessions/new.html.erb within layouts/oluprofile/application (3.4ms)
Completed 200 OK in 18ms (Views: 17.2ms | ActiveRecord: 0.0ms)


Started GET "/oluprofile/users/new" for 127.0.0.1 at 2018-08-20 06:27:54 -0400
Processing by Oluprofile::UsersController#new as HTML
  Rendering /home/sitheris/dev/railsapps/oluprofile/app/views/oluprofile/users/new.html.erb within layouts/oluprofile/application
  Rendered /home/sitheris/dev/railsapps/oluprofile/app/views/oluprofile/users/_form.html.erb (7.0ms)
  Rendered /home/sitheris/dev/railsapps/oluprofile/app/views/oluprofile/users/new.html.erb within layouts/oluprofile/application (8.8ms)
Completed 200 OK in 23ms (Views: 22.1ms | ActiveRecord: 0.0ms)


Started POST "/oluprofile/users" for 127.0.0.1 at 2018-08-20 06:28:27 -0400
Processing by Oluprofile::UsersController#create as HTML
  Parameters: {"utf8"=>"✓", "authenticity_token"=>"Pyk1oCK+I/l5QJtGdjonGNQEIe6sVYPmZfLD7A03Zt3xpbT54GCG4gulKO7UqFjfzH9bw8vahzBHSZ+ozicNQw==", "user"=>{"email"=>"john@gmail.com", "password"=>"[FILTERED]", "password_confirmation"=>"[FILTERED]", "first_name"=>"John", "last_name"=>"Smith", "description"=>"Developer", "phone_number"=>"555-555-5555", "location"=>"New York, NY"}, "commit"=>"Create User"}
Unpermitted parameters: :password, :password_confirmation
  [1m[35m (0.5ms)[0m  [1m[35mBEGIN[0m
  ↳ /home/sitheris/dev/railsapps/oluprofile/app/controllers/oluprofile/users_controller.rb:28
  [1m[36mOluprofile::User Exists (10.1ms)[0m  [1m[34mSELECT  1 AS one FROM "oluprofile_users" WHERE "oluprofile_users"."email" = $1 LIMIT $2[0m  [["email", "john@gmail.com"], ["LIMIT", 1]]
  ↳ /home/sitheris/dev/railsapps/oluprofile/app/controllers/oluprofile/users_controller.rb:28
  [1m[35m (0.5ms)[0m  [1m[31mROLLBACK[0m
  ↳ /home/sitheris/dev/railsapps/oluprofile/app/controllers/oluprofile/users_controller.rb:28
  Rendering /home/sitheris/dev/railsapps/oluprofile/app/views/oluprofile/users/new.html.erb within layouts/oluprofile/application
  Rendered /home/sitheris/dev/railsapps/oluprofile/app/views/oluprofile/users/_form.html.erb (5.0ms)
  Rendered /home/sitheris/dev/railsapps/oluprofile/app/views/oluprofile/users/new.html.erb within layouts/oluprofile/application (6.5ms)
Completed 200 OK in 65ms (Views: 24.6ms | ActiveRecord: 11.2ms)


Started POST "/oluprofile/users" for 127.0.0.1 at 2018-08-20 06:28:42 -0400
Processing by Oluprofile::UsersController#create as HTML
  Parameters: {"utf8"=>"✓", "authenticity_token"=>"MnpbiCRCeoNuM9YMVMbBGjHfkbO/f1XWP0NtKSkySyf89trR5pzfmBzWZaT2VL7dKaTrntjwUQAd+DFt6iIguQ==", "user"=>{"email"=>"john@gmail.com", "password"=>"[FILTERED]", "password_confirmation"=>"[FILTERED]", "first_name"=>"John", "last_name"=>"Smith", "description"=>"Developer", "phone_number"=>"555-555-5555", "location"=>"New York, NY"}, "commit"=>"Create User"}
Unpermitted parameters: :password, :password_confirmation
  [1m[35m (0.4ms)[0m  [1m[35mBEGIN[0m
  ↳ /home/sitheris/dev/railsapps/oluprofile/app/controllers/oluprofile/users_controller.rb:28
  [1m[36mOluprofile::User Exists (0.7ms)[0m  [1m[34mSELECT  1 AS one FROM "oluprofile_users" WHERE "oluprofile_users"."email" = $1 LIMIT $2[0m  [["email", "john@gmail.com"], ["LIMIT", 1]]
  ↳ /home/sitheris/dev/railsapps/oluprofile/app/controllers/oluprofile/users_controller.rb:28
  [1m[35m (0.4ms)[0m  [1m[31mROLLBACK[0m
  ↳ /home/sitheris/dev/railsapps/oluprofile/app/controllers/oluprofile/users_controller.rb:28
  Rendering /home/sitheris/dev/railsapps/oluprofile/app/views/oluprofile/users/new.html.erb within layouts/oluprofile/application
  Rendered /home/sitheris/dev/railsapps/oluprofile/app/views/oluprofile/users/_form.html.erb (4.3ms)
  Rendered /home/sitheris/dev/railsapps/oluprofile/app/views/oluprofile/users/new.html.erb within layouts/oluprofile/application (5.9ms)
Completed 200 OK in 30ms (Views: 21.1ms | ActiveRecord: 1.5ms)


Started POST "/oluprofile/users" for 127.0.0.1 at 2018-08-20 06:28:53 -0400
Processing by Oluprofile::UsersController#create as HTML
  Parameters: {"utf8"=>"✓", "authenticity_token"=>"gxYOjYRi0GikNlSgP8gLzpBTnw9w1gJA/G6qMIjYAxpNmo/URrx1c9bT5widWnQJiCjlIhdZBpbe1fZ0S8hohA==", "user"=>{"email"=>"john@gmail.com", "password"=>"[FILTERED]", "password_confirmation"=>"[FILTERED]", "first_name"=>"John", "last_name"=>"Smith", "description"=>"Developer", "phone_number"=>"555-555-5555", "location"=>"New York, NY"}, "commit"=>"Create User"}
Unpermitted parameters: :password, :password_confirmation
  [1m[35m (0.3ms)[0m  [1m[35mBEGIN[0m
  ↳ /home/sitheris/dev/railsapps/oluprofile/app/controllers/oluprofile/users_controller.rb:28
  [1m[36mOluprofile::User Exists (0.8ms)[0m  [1m[34mSELECT  1 AS one FROM "oluprofile_users" WHERE "oluprofile_users"."email" = $1 LIMIT $2[0m  [["email", "john@gmail.com"], ["LIMIT", 1]]
  ↳ /home/sitheris/dev/railsapps/oluprofile/app/controllers/oluprofile/users_controller.rb:28
  [1m[35m (0.5ms)[0m  [1m[31mROLLBACK[0m
  ↳ /home/sitheris/dev/railsapps/oluprofile/app/controllers/oluprofile/users_controller.rb:28
  Rendering /home/sitheris/dev/railsapps/oluprofile/app/views/oluprofile/users/new.html.erb within layouts/oluprofile/application
  Rendered /home/sitheris/dev/railsapps/oluprofile/app/views/oluprofile/users/_form.html.erb (5.5ms)
  Rendered /home/sitheris/dev/railsapps/oluprofile/app/views/oluprofile/users/new.html.erb within layouts/oluprofile/application (7.0ms)
Completed 200 OK in 30ms (Views: 23.4ms | ActiveRecord: 1.7ms)


  [1m[35m (2.1ms)[0m  [1m[34mSELECT "schema_migrations"."version" FROM "schema_migrations" ORDER BY "schema_migrations"."version" ASC[0m
  ↳ /home/sitheris/.rbenv/versions/2.5.0/bin/rake:23
  [1m[35m (5.4ms)[0m  [1m[34mSELECT "ar_internal_metadata"."value" FROM "ar_internal_metadata" WHERE "ar_internal_metadata"."key" = $1[0m  [["key", "environment"]]
  ↳ /home/sitheris/.rbenv/versions/2.5.0/bin/rake:23
  [1m[35m (0.2ms)[0m  [1m[34mSELECT "schema_migrations"."version" FROM "schema_migrations" ORDER BY "schema_migrations"."version" ASC[0m
  ↳ /home/sitheris/.rbenv/versions/2.5.0/bin/rake:23
  [1m[35m (0.2ms)[0m  [1m[34mSELECT "ar_internal_metadata"."value" FROM "ar_internal_metadata" WHERE "ar_internal_metadata"."key" = $1[0m  [["key", "environment"]]
  ↳ /home/sitheris/.rbenv/versions/2.5.0/bin/rake:23
  [1m[35m (0.3ms)[0m  [1m[34mSELECT "schema_migrations"."version" FROM "schema_migrations" ORDER BY "schema_migrations"."version" ASC[0m
  ↳ /home/sitheris/.rbenv/versions/2.5.0/bin/rake:23
  [1m[35m (0.2ms)[0m  [1m[34mSELECT "ar_internal_metadata"."value" FROM "ar_internal_metadata" WHERE "ar_internal_metadata"."key" = $1[0m  [["key", "environment"]]
  ↳ /home/sitheris/.rbenv/versions/2.5.0/bin/rake:23
  [1m[35m (108.1ms)[0m  [1m[35mDROP DATABASE IF EXISTS "oluprofile_dummy"[0m
  ↳ /home/sitheris/.rbenv/versions/2.5.0/bin/rake:23
  [1m[35m (104.4ms)[0m  [1m[35mDROP DATABASE IF EXISTS "oluprofile_dummy_test"[0m
  ↳ /home/sitheris/.rbenv/versions/2.5.0/bin/rake:23
  [1m[35m (344.0ms)[0m  [1m[35mCREATE DATABASE "oluprofile_dummy" ENCODING = 'unicode'[0m
  ↳ /home/sitheris/.rbenv/versions/2.5.0/bin/rake:23
  [1m[35m (274.7ms)[0m  [1m[35mCREATE DATABASE "oluprofile_dummy_test" ENCODING = 'unicode'[0m
  ↳ /home/sitheris/.rbenv/versions/2.5.0/bin/rake:23
  [1m[35m (15.1ms)[0m  [1m[35mCREATE TABLE "schema_migrations" ("version" character varying NOT NULL PRIMARY KEY)[0m
  ↳ /home/sitheris/.rbenv/versions/2.5.0/bin/rake:23
  [1m[35m (3.4ms)[0m  [1m[35mCREATE TABLE "ar_internal_metadata" ("key" character varying NOT NULL PRIMARY KEY, "value" character varying, "created_at" timestamp NOT NULL, "updated_at" timestamp NOT NULL)[0m
  ↳ /home/sitheris/.rbenv/versions/2.5.0/bin/rake:23
  [1m[35m (0.3ms)[0m  [1m[34mSELECT pg_try_advisory_lock(4591150052908494600)[0m
  ↳ /home/sitheris/.rbenv/versions/2.5.0/bin/rake:23
  [1m[35m (0.5ms)[0m  [1m[34mSELECT "schema_migrations"."version" FROM "schema_migrations" ORDER BY "schema_migrations"."version" ASC[0m
  ↳ /home/sitheris/.rbenv/versions/2.5.0/bin/rake:23
Migrating to SorceryCore (20180816231546)
  [1m[35m (0.3ms)[0m  [1m[35mBEGIN[0m
  ↳ /home/sitheris/.rbenv/versions/2.5.0/bin/rake:23
  [1m[35m (9.8ms)[0m  [1m[35mCREATE TABLE "oluprofile_users" ("id" bigserial primary key, "email" character varying NOT NULL, "crypted_password" character varying, "salt" character varying, "first_name" character varying NOT NULL, "last_name" character varying NOT NULL, "description" character varying, "phone_number" character varying, "location" character varying, "created_at" timestamp NOT NULL, "updated_at" timestamp NOT NULL)[0m
  ↳ /home/sitheris/dev/railsapps/oluprofile/db/migrate/20180816231546_sorcery_core.rb:3
  [1m[35m (2.2ms)[0m  [1m[35mCREATE UNIQUE INDEX  "index_oluprofile_users_on_email" ON "oluprofile_users"  ("email")[0m
  ↳ /home/sitheris/dev/railsapps/oluprofile/db/migrate/20180816231546_sorcery_core.rb:15
  [1m[36mActiveRecord::SchemaMigration Create (0.6ms)[0m  [1m[32mINSERT INTO "schema_migrations" ("version") VALUES ($1) RETURNING "version"[0m  [["version", "20180816231546"]]
  ↳ /home/sitheris/.rbenv/versions/2.5.0/bin/rake:23
  [1m[35m (0.7ms)[0m  [1m[35mCOMMIT[0m
  ↳ /home/sitheris/.rbenv/versions/2.5.0/bin/rake:23
  [1m[36mActiveRecord::InternalMetadata Load (0.4ms)[0m  [1m[34mSELECT  "ar_internal_metadata".* FROM "ar_internal_metadata" WHERE "ar_internal_metadata"."key" = $1 LIMIT $2[0m  [["key", "environment"], ["LIMIT", 1]]
  ↳ /home/sitheris/.rbenv/versions/2.5.0/bin/rake:23
  [1m[35m (0.3ms)[0m  [1m[35mBEGIN[0m
  ↳ /home/sitheris/.rbenv/versions/2.5.0/bin/rake:23
  [1m[36mActiveRecord::InternalMetadata Create (0.9ms)[0m  [1m[32mINSERT INTO "ar_internal_metadata" ("key", "value", "created_at", "updated_at") VALUES ($1, $2, $3, $4) RETURNING "key"[0m  [["key", "environment"], ["value", "development"], ["created_at", "2018-08-20 10:31:13.043912"], ["updated_at", "2018-08-20 10:31:13.043912"]]
  ↳ /home/sitheris/.rbenv/versions/2.5.0/bin/rake:23
  [1m[35m (1.0ms)[0m  [1m[35mCOMMIT[0m
  ↳ /home/sitheris/.rbenv/versions/2.5.0/bin/rake:23
  [1m[35m (0.4ms)[0m  [1m[34mSELECT pg_advisory_unlock(4591150052908494600)[0m
  ↳ /home/sitheris/.rbenv/versions/2.5.0/bin/rake:23
  [1m[35m (0.5ms)[0m  [1m[34mSELECT "schema_migrations"."version" FROM "schema_migrations" ORDER BY "schema_migrations"."version" ASC[0m
  ↳ /home/sitheris/.rbenv/versions/2.5.0/bin/rake:23
Started GET "/oluprofile/users" for 127.0.0.1 at 2018-08-20 06:31:21 -0400
Processing by Oluprofile::UsersController#index as HTML
Redirected to http://localhost:3000/oluprofile/login
Filter chain halted as :require_login rendered or redirected
Completed 302 Found in 5ms (ActiveRecord: 0.0ms)


Started GET "/oluprofile/login" for 127.0.0.1 at 2018-08-20 06:31:21 -0400
Processing by Oluprofile::UserSessionsController#new as HTML
  Rendering /home/sitheris/dev/railsapps/oluprofile/app/views/oluprofile/user_sessions/new.html.erb within layouts/oluprofile/application
  Rendered /home/sitheris/dev/railsapps/oluprofile/app/views/oluprofile/user_sessions/_form.html.erb (1.1ms)
  Rendered /home/sitheris/dev/railsapps/oluprofile/app/views/oluprofile/user_sessions/new.html.erb within layouts/oluprofile/application (3.2ms)
Completed 200 OK in 181ms (Views: 134.7ms | ActiveRecord: 5.4ms)


Started GET "/oluprofile/login" for 127.0.0.1 at 2018-08-20 06:31:23 -0400
Processing by Oluprofile::UserSessionsController#new as HTML
  Rendering /home/sitheris/dev/railsapps/oluprofile/app/views/oluprofile/user_sessions/new.html.erb within layouts/oluprofile/application
  Rendered /home/sitheris/dev/railsapps/oluprofile/app/views/oluprofile/user_sessions/_form.html.erb (1.5ms)
  Rendered /home/sitheris/dev/railsapps/oluprofile/app/views/oluprofile/user_sessions/new.html.erb within layouts/oluprofile/application (2.7ms)
Completed 200 OK in 34ms (Views: 33.2ms | ActiveRecord: 0.0ms)


Started GET "/oluprofile/users/new" for 127.0.0.1 at 2018-08-20 06:31:25 -0400
Processing by Oluprofile::UsersController#new as HTML
  Rendering /home/sitheris/dev/railsapps/oluprofile/app/views/oluprofile/users/new.html.erb within layouts/oluprofile/application
  Rendered /home/sitheris/dev/railsapps/oluprofile/app/views/oluprofile/users/_form.html.erb (15.3ms)
  Rendered /home/sitheris/dev/railsapps/oluprofile/app/views/oluprofile/users/new.html.erb within layouts/oluprofile/application (17.0ms)
Completed 200 OK in 39ms (Views: 35.6ms | ActiveRecord: 0.0ms)


Started POST "/oluprofile/users" for 127.0.0.1 at 2018-08-20 06:32:45 -0400
Processing by Oluprofile::UsersController#create as HTML
  Parameters: {"utf8"=>"✓", "authenticity_token"=>"J4oURuoPY87D6gBh5nbqcvZauVVgjkpMmWbo2RRpFnPpBpUfKNHG1bEPs8lE5JW17iHDeAcBTpq73bSd13l97Q==", "user"=>{"email"=>"john@gmail.com", "password"=>"[FILTERED]", "password_confirmation"=>"[FILTERED]", "first_name"=>"John", "last_name"=>"Smith", "description"=>"Developer", "phone_number"=>"555-555-5555", "location"=>"New York, NY"}, "commit"=>"Create User"}
Unpermitted parameters: :password, :password_confirmation
  [1m[35m (0.3ms)[0m  [1m[35mBEGIN[0m
  ↳ /home/sitheris/dev/railsapps/oluprofile/app/controllers/oluprofile/users_controller.rb:28
  [1m[36mOluprofile::User Exists (0.8ms)[0m  [1m[34mSELECT  1 AS one FROM "oluprofile_users" WHERE "oluprofile_users"."email" = $1 LIMIT $2[0m  [["email", "john@gmail.com"], ["LIMIT", 1]]
  ↳ /home/sitheris/dev/railsapps/oluprofile/app/controllers/oluprofile/users_controller.rb:28
  [1m[35m (1.0ms)[0m  [1m[31mROLLBACK[0m
  ↳ /home/sitheris/dev/railsapps/oluprofile/app/controllers/oluprofile/users_controller.rb:28
  Rendering /home/sitheris/dev/railsapps/oluprofile/app/views/oluprofile/users/new.html.erb within layouts/oluprofile/application
  Rendered /home/sitheris/dev/railsapps/oluprofile/app/views/oluprofile/users/_form.html.erb (7.5ms)
  Rendered /home/sitheris/dev/railsapps/oluprofile/app/views/oluprofile/users/new.html.erb within layouts/oluprofile/application (9.1ms)
Completed 200 OK in 54ms (Views: 34.0ms | ActiveRecord: 2.2ms)


Started POST "/oluprofile/users" for 127.0.0.1 at 2018-08-20 06:39:28 -0400
Processing by Oluprofile::UsersController#create as HTML
  Parameters: {"utf8"=>"✓", "authenticity_token"=>"1EbZyXQvrT0yucIzBl3WOp7+XF6WGVzd6bx2dh8n5j4ayliQtvEIJkBccZukz6n9hoUmc/GWWAvLByoy3DeNoA==", "user"=>{"email"=>"john@gmail.com", "password"=>"[FILTERED]", "password_confirmation"=>"[FILTERED]", "first_name"=>"John", "last_name"=>"Smith", "description"=>"Developer", "phone_number"=>"555-555-5555", "location"=>"New York, NY"}, "commit"=>"Create User"}
  [1m[35m (0.4ms)[0m  [1m[35mBEGIN[0m
  ↳ /home/sitheris/dev/railsapps/oluprofile/app/controllers/oluprofile/users_controller.rb:28
  [1m[36mOluprofile::User Exists (0.8ms)[0m  [1m[34mSELECT  1 AS one FROM "oluprofile_users" WHERE "oluprofile_users"."email" = $1 LIMIT $2[0m  [["email", "john@gmail.com"], ["LIMIT", 1]]
  ↳ /home/sitheris/dev/railsapps/oluprofile/app/controllers/oluprofile/users_controller.rb:28
  [1m[36mOluprofile::User Create (1.0ms)[0m  [1m[32mINSERT INTO "oluprofile_users" ("email", "crypted_password", "salt", "first_name", "last_name", "description", "phone_number", "location", "created_at", "updated_at") VALUES ($1, $2, $3, $4, $5, $6, $7, $8, $9, $10) RETURNING "id"[0m  [["email", "john@gmail.com"], ["crypted_password", "$2a$10$Vl/Aq0hm.51d21fdFna8I.ofXw9.xLSuGvDn4BdaSPhq57HVuoYuC"], ["salt", "3y_uw1dvP-d9tyyZozQr"], ["first_name", "John"], ["last_name", "Smith"], ["description", "Developer"], ["phone_number", "555-555-5555"], ["location", "New York, NY"], ["created_at", "2018-08-20 10:39:28.833296"], ["updated_at", "2018-08-20 10:39:28.833296"]]
  ↳ /home/sitheris/dev/railsapps/oluprofile/app/controllers/oluprofile/users_controller.rb:28
  [1m[35m (3.4ms)[0m  [1m[35mCOMMIT[0m
  ↳ /home/sitheris/dev/railsapps/oluprofile/app/controllers/oluprofile/users_controller.rb:28
Redirected to http://localhost:3000/oluprofile/users
Completed 302 Found in 120ms (ActiveRecord: 12.4ms)


Started GET "/oluprofile/users" for 127.0.0.1 at 2018-08-20 06:39:28 -0400
Processing by Oluprofile::UsersController#index as HTML
Redirected to http://localhost:3000/oluprofile/login
Filter chain halted as :require_login rendered or redirected
Completed 302 Found in 1ms (ActiveRecord: 0.0ms)


Started GET "/oluprofile/login" for 127.0.0.1 at 2018-08-20 06:39:28 -0400
Processing by Oluprofile::UserSessionsController#new as HTML
  Rendering /home/sitheris/dev/railsapps/oluprofile/app/views/oluprofile/user_sessions/new.html.erb within layouts/oluprofile/application
  Rendered /home/sitheris/dev/railsapps/oluprofile/app/views/oluprofile/user_sessions/_form.html.erb (1.7ms)
  Rendered /home/sitheris/dev/railsapps/oluprofile/app/views/oluprofile/user_sessions/new.html.erb within layouts/oluprofile/application (2.9ms)
Completed 200 OK in 47ms (Views: 45.4ms | ActiveRecord: 0.0ms)


Started POST "/oluprofile/user_sessions" for 127.0.0.1 at 2018-08-20 06:39:38 -0400
Processing by Oluprofile::UserSessionsController#create as HTML
  Parameters: {"utf8"=>"✓", "authenticity_token"=>"5S75jbJwsnXxfIQGeJiP7IZx/Rmg6FjQXauRWaJLOKcronjUcK4XboOZN67aCvArngqHNMdnXAZ/EM0dYVtTOQ==", "email"=>"john@gmail.com", "password"=>"[FILTERED]", "commit"=>"Login"}
Completed 500 Internal Server Error in 2ms (ActiveRecord: 0.0ms)



NameError - uninitialized constant User:

Started POST "/oluprofile/__better_errors/e3fb39f522546861/variables" for 127.0.0.1 at 2018-08-20 06:39:38 -0400
Started POST "/oluprofile/user_sessions" for 127.0.0.1 at 2018-08-20 06:40:02 -0400
Processing by Oluprofile::UserSessionsController#create as HTML
  Parameters: {"utf8"=>"✓", "authenticity_token"=>"5S75jbJwsnXxfIQGeJiP7IZx/Rmg6FjQXauRWaJLOKcronjUcK4XboOZN67aCvArngqHNMdnXAZ/EM0dYVtTOQ==", "email"=>"john@gmail.com", "password"=>"[FILTERED]", "commit"=>"Login"}
Completed 500 Internal Server Error in 2ms (ActiveRecord: 0.0ms)



NameError - uninitialized constant User:

Started POST "/oluprofile/__better_errors/de2fe31e5cd62727/variables" for 127.0.0.1 at 2018-08-20 06:40:02 -0400
Started POST "/oluprofile/user_sessions" for 127.0.0.1 at 2018-08-20 06:52:39 -0400
Processing by Oluprofile::UserSessionsController#create as HTML
  Parameters: {"utf8"=>"✓", "authenticity_token"=>"5S75jbJwsnXxfIQGeJiP7IZx/Rmg6FjQXauRWaJLOKcronjUcK4XboOZN67aCvArngqHNMdnXAZ/EM0dYVtTOQ==", "email"=>"john@gmail.com", "password"=>"[FILTERED]", "commit"=>"Login"}
Completed 500 Internal Server Error in 1ms (ActiveRecord: 0.0ms)



NameError - uninitialized constant User:

Started POST "/oluprofile/__better_errors/08a1ba7a102c5c96/variables" for 127.0.0.1 at 2018-08-20 06:52:39 -0400
Started POST "/oluprofile/user_sessions" for 127.0.0.1 at 2018-08-20 06:52:42 -0400
Processing by Oluprofile::UserSessionsController#create as HTML
  Parameters: {"utf8"=>"✓", "authenticity_token"=>"5S75jbJwsnXxfIQGeJiP7IZx/Rmg6FjQXauRWaJLOKcronjUcK4XboOZN67aCvArngqHNMdnXAZ/EM0dYVtTOQ==", "email"=>"john@gmail.com", "password"=>"[FILTERED]", "commit"=>"Login"}
Completed 500 Internal Server Error in 2ms (ActiveRecord: 0.0ms)



NameError - uninitialized constant User:

Started POST "/oluprofile/__better_errors/04e28e826244b034/variables" for 127.0.0.1 at 2018-08-20 06:52:42 -0400
Started POST "/oluprofile/user_sessions" for 127.0.0.1 at 2018-08-20 06:52:51 -0400
Processing by Oluprofile::UserSessionsController#create as HTML
  Parameters: {"utf8"=>"✓", "authenticity_token"=>"5S75jbJwsnXxfIQGeJiP7IZx/Rmg6FjQXauRWaJLOKcronjUcK4XboOZN67aCvArngqHNMdnXAZ/EM0dYVtTOQ==", "email"=>"john@gmail.com", "password"=>"[FILTERED]", "commit"=>"Login"}
Completed 500 Internal Server Error in 1ms (ActiveRecord: 0.0ms)



NameError - uninitialized constant User:

Started POST "/oluprofile/__better_errors/2ed85f0b234be01c/variables" for 127.0.0.1 at 2018-08-20 06:52:51 -0400
Started GET "/oluprofile" for 127.0.0.1 at 2018-08-20 06:53:01 -0400
Processing by Oluprofile::UsersController#index as HTML
Redirected to http://localhost:3000/oluprofile/login
Filter chain halted as :require_login rendered or redirected
Completed 302 Found in 8ms (ActiveRecord: 0.0ms)


Started GET "/oluprofile/login" for 127.0.0.1 at 2018-08-20 06:53:01 -0400
Processing by Oluprofile::UserSessionsController#new as HTML
  Rendering /home/sitheris/dev/railsapps/oluprofile/app/views/oluprofile/user_sessions/new.html.erb within layouts/oluprofile/application
  Rendered /home/sitheris/dev/railsapps/oluprofile/app/views/oluprofile/user_sessions/_form.html.erb (1.8ms)
  Rendered /home/sitheris/dev/railsapps/oluprofile/app/views/oluprofile/user_sessions/new.html.erb within layouts/oluprofile/application (5.0ms)
Completed 200 OK in 203ms (Views: 156.3ms | ActiveRecord: 9.1ms)


Started POST "/oluprofile/user_sessions" for 127.0.0.1 at 2018-08-20 06:53:07 -0400
Processing by Oluprofile::UserSessionsController#create as HTML
  Parameters: {"utf8"=>"✓", "authenticity_token"=>"9KpSCKjobRW2l+Yq1jTVA3pO44H6X7+BS9gUhAz8Kk86JtNRajbIDsRyVYJ0pqrEYjWZrJ3Qu1dpY0jAz+xB0Q==", "email"=>"john@gmail.com", "password"=>"[FILTERED]", "commit"=>"Login"}
  [1m[36mOluprofile::User Load (1.3ms)[0m  [1m[34mSELECT  "oluprofile_users".* FROM "oluprofile_users" WHERE "oluprofile_users"."email" = 'john@gmail.com' ORDER BY "oluprofile_users"."id" ASC LIMIT $1[0m  [["LIMIT", 1]]
  ↳ /home/sitheris/dev/railsapps/oluprofile/app/controllers/oluprofile/user_sessions_controller.rb:10
Redirected to http://localhost:3000/oluprofile/
Completed 302 Found in 170ms (ActiveRecord: 1.3ms)


Started GET "/oluprofile/" for 127.0.0.1 at 2018-08-20 06:53:07 -0400
Processing by Oluprofile::UsersController#index as HTML
  [1m[36mOluprofile::User Load (0.4ms)[0m  [1m[34mSELECT  "oluprofile_users".* FROM "oluprofile_users" WHERE "oluprofile_users"."id" = $1 LIMIT $2[0m  [["id", 1], ["LIMIT", 1]]
  ↳ /home/sitheris/.rbenv/versions/2.5.0/lib/ruby/gems/2.5.0/gems/activerecord-5.2.1/lib/active_record/log_subscriber.rb:98
  Rendering /home/sitheris/dev/railsapps/oluprofile/app/views/oluprofile/users/index.html.erb within layouts/oluprofile/application
  [1m[36mOluprofile::User Load (0.4ms)[0m  [1m[34mSELECT "oluprofile_users".* FROM "oluprofile_users"[0m
  ↳ /home/sitheris/dev/railsapps/oluprofile/app/views/oluprofile/users/index.html.erb:19
  Rendered /home/sitheris/dev/railsapps/oluprofile/app/views/oluprofile/users/index.html.erb within layouts/oluprofile/application (3.1ms)
Completed 200 OK in 54ms (Views: 48.3ms | ActiveRecord: 1.2ms)


Started GET "/oluprofile/" for 127.0.0.1 at 2018-08-20 06:53:11 -0400
Processing by Oluprofile::UsersController#index as HTML
  [1m[36mOluprofile::User Load (0.5ms)[0m  [1m[34mSELECT  "oluprofile_users".* FROM "oluprofile_users" WHERE "oluprofile_users"."id" = $1 LIMIT $2[0m  [["id", 1], ["LIMIT", 1]]
  ↳ /home/sitheris/.rbenv/versions/2.5.0/lib/ruby/gems/2.5.0/gems/activerecord-5.2.1/lib/active_record/log_subscriber.rb:98
  Rendering /home/sitheris/dev/railsapps/oluprofile/app/views/oluprofile/users/index.html.erb within layouts/oluprofile/application
  [1m[36mOluprofile::User Load (0.5ms)[0m  [1m[34mSELECT "oluprofile_users".* FROM "oluprofile_users"[0m
  ↳ /home/sitheris/dev/railsapps/oluprofile/app/views/oluprofile/users/index.html.erb:19
  Rendered /home/sitheris/dev/railsapps/oluprofile/app/views/oluprofile/users/index.html.erb within layouts/oluprofile/application (2.8ms)
Completed 200 OK in 23ms (Views: 19.2ms | ActiveRecord: 1.1ms)


Started GET "/oluprofile/users/1" for 127.0.0.1 at 2018-08-20 06:53:13 -0400
Processing by Oluprofile::UsersController#show as HTML
  Parameters: {"id"=>"1"}
  [1m[36mOluprofile::User Load (0.5ms)[0m  [1m[34mSELECT  "oluprofile_users".* FROM "oluprofile_users" WHERE "oluprofile_users"."id" = $1 LIMIT $2[0m  [["id", 1], ["LIMIT", 1]]
  ↳ /home/sitheris/.rbenv/versions/2.5.0/lib/ruby/gems/2.5.0/gems/activerecord-5.2.1/lib/active_record/log_subscriber.rb:98
  [1m[36mCACHE Oluprofile::User Load (0.0ms)[0m  [1m[34mSELECT  "oluprofile_users".* FROM "oluprofile_users" WHERE "oluprofile_users"."id" = $1 LIMIT $2[0m  [["id", 1], ["LIMIT", 1]]
  ↳ /home/sitheris/dev/railsapps/oluprofile/app/controllers/oluprofile/users_controller.rb:53
  Rendering /home/sitheris/dev/railsapps/oluprofile/app/views/oluprofile/users/show.html.erb within layouts/oluprofile/application
  Rendered /home/sitheris/dev/railsapps/oluprofile/app/views/oluprofile/users/show.html.erb within layouts/oluprofile/application (1.3ms)
Completed 200 OK in 29ms (Views: 22.5ms | ActiveRecord: 0.6ms)


Started GET "/oluprofile/users/1" for 127.0.0.1 at 2018-08-20 06:53:32 -0400
Processing by Oluprofile::UsersController#show as HTML
  Parameters: {"id"=>"1"}
  [1m[36mOluprofile::User Load (1.2ms)[0m  [1m[34mSELECT  "oluprofile_users".* FROM "oluprofile_users" WHERE "oluprofile_users"."id" = $1 LIMIT $2[0m  [["id", 1], ["LIMIT", 1]]
  ↳ /home/sitheris/.rbenv/versions/2.5.0/lib/ruby/gems/2.5.0/gems/activerecord-5.2.1/lib/active_record/log_subscriber.rb:98
  [1m[36mCACHE Oluprofile::User Load (0.0ms)[0m  [1m[34mSELECT  "oluprofile_users".* FROM "oluprofile_users" WHERE "oluprofile_users"."id" = $1 LIMIT $2[0m  [["id", 1], ["LIMIT", 1]]
  ↳ /home/sitheris/dev/railsapps/oluprofile/app/controllers/oluprofile/users_controller.rb:53
  Rendering /home/sitheris/dev/railsapps/oluprofile/app/views/oluprofile/users/show.html.erb within layouts/oluprofile/application
  Rendered /home/sitheris/dev/railsapps/oluprofile/app/views/oluprofile/users/show.html.erb within layouts/oluprofile/application (2.3ms)
Completed 200 OK in 55ms (Views: 49.4ms | ActiveRecord: 1.2ms)


Started GET "/oluprofile/users" for 127.0.0.1 at 2018-08-20 06:53:46 -0400
Processing by Oluprofile::UsersController#index as HTML
  [1m[36mOluprofile::User Load (0.5ms)[0m  [1m[34mSELECT  "oluprofile_users".* FROM "oluprofile_users" WHERE "oluprofile_users"."id" = $1 LIMIT $2[0m  [["id", 1], ["LIMIT", 1]]
  ↳ /home/sitheris/.rbenv/versions/2.5.0/lib/ruby/gems/2.5.0/gems/activerecord-5.2.1/lib/active_record/log_subscriber.rb:98
  Rendering /home/sitheris/dev/railsapps/oluprofile/app/views/oluprofile/users/index.html.erb within layouts/oluprofile/application
  [1m[36mOluprofile::User Load (1.0ms)[0m  [1m[34mSELECT "oluprofile_users".* FROM "oluprofile_users"[0m
  ↳ /home/sitheris/dev/railsapps/oluprofile/app/views/oluprofile/users/index.html.erb:19
  Rendered /home/sitheris/dev/railsapps/oluprofile/app/views/oluprofile/users/index.html.erb within layouts/oluprofile/application (4.7ms)
Completed 200 OK in 45ms (Views: 40.6ms | ActiveRecord: 1.5ms)


Started GET "/oluprofile/users/1/edit" for 127.0.0.1 at 2018-08-20 06:53:52 -0400
Processing by Oluprofile::UsersController#edit as HTML
  Parameters: {"id"=>"1"}
  [1m[36mOluprofile::User Load (0.7ms)[0m  [1m[34mSELECT  "oluprofile_users".* FROM "oluprofile_users" WHERE "oluprofile_users"."id" = $1 LIMIT $2[0m  [["id", 1], ["LIMIT", 1]]
  ↳ /home/sitheris/.rbenv/versions/2.5.0/lib/ruby/gems/2.5.0/gems/activerecord-5.2.1/lib/active_record/log_subscriber.rb:98
  [1m[36mCACHE Oluprofile::User Load (0.0ms)[0m  [1m[34mSELECT  "oluprofile_users".* FROM "oluprofile_users" WHERE "oluprofile_users"."id" = $1 LIMIT $2[0m  [["id", 1], ["LIMIT", 1]]
  ↳ /home/sitheris/dev/railsapps/oluprofile/app/controllers/oluprofile/users_controller.rb:53
  Rendering /home/sitheris/dev/railsapps/oluprofile/app/views/oluprofile/users/edit.html.erb within layouts/oluprofile/application
  Rendered /home/sitheris/dev/railsapps/oluprofile/app/views/oluprofile/users/_form.html.erb (20.2ms)
  Rendered /home/sitheris/dev/railsapps/oluprofile/app/views/oluprofile/users/edit.html.erb within layouts/oluprofile/application (21.9ms)
Completed 200 OK in 65ms (Views: 58.9ms | ActiveRecord: 0.7ms)


Started GET "/oluprofile/users" for 127.0.0.1 at 2018-08-20 06:53:56 -0400
Processing by Oluprofile::UsersController#index as HTML
  [1m[36mOluprofile::User Load (0.6ms)[0m  [1m[34mSELECT  "oluprofile_users".* FROM "oluprofile_users" WHERE "oluprofile_users"."id" = $1 LIMIT $2[0m  [["id", 1], ["LIMIT", 1]]
  ↳ /home/sitheris/.rbenv/versions/2.5.0/lib/ruby/gems/2.5.0/gems/activerecord-5.2.1/lib/active_record/log_subscriber.rb:98
  Rendering /home/sitheris/dev/railsapps/oluprofile/app/views/oluprofile/users/index.html.erb within layouts/oluprofile/application
  [1m[36mOluprofile::User Load (0.9ms)[0m  [1m[34mSELECT "oluprofile_users".* FROM "oluprofile_users"[0m
  ↳ /home/sitheris/dev/railsapps/oluprofile/app/views/oluprofile/users/index.html.erb:19
  Rendered /home/sitheris/dev/railsapps/oluprofile/app/views/oluprofile/users/index.html.erb within layouts/oluprofile/application (5.4ms)
Completed 200 OK in 36ms (Views: 30.5ms | ActiveRecord: 1.5ms)


Started GET "/oluprofile/users/new" for 127.0.0.1 at 2018-08-20 06:53:58 -0400
Processing by Oluprofile::UsersController#new as HTML
  Rendering /home/sitheris/dev/railsapps/oluprofile/app/views/oluprofile/users/new.html.erb within layouts/oluprofile/application
  Rendered /home/sitheris/dev/railsapps/oluprofile/app/views/oluprofile/users/_form.html.erb (6.8ms)
  Rendered /home/sitheris/dev/railsapps/oluprofile/app/views/oluprofile/users/new.html.erb within layouts/oluprofile/application (8.7ms)
  [1m[36mOluprofile::User Load (0.4ms)[0m  [1m[34mSELECT  "oluprofile_users".* FROM "oluprofile_users" WHERE "oluprofile_users"."id" = $1 LIMIT $2[0m  [["id", 1], ["LIMIT", 1]]
  ↳ /home/sitheris/dev/railsapps/oluprofile/app/views/layouts/oluprofile/application.html.erb:14
Completed 200 OK in 29ms (Views: 27.6ms | ActiveRecord: 0.4ms)


Started GET "/oluprofile/users" for 127.0.0.1 at 2018-08-20 06:54:01 -0400
Processing by Oluprofile::UsersController#index as HTML
  [1m[36mOluprofile::User Load (0.4ms)[0m  [1m[34mSELECT  "oluprofile_users".* FROM "oluprofile_users" WHERE "oluprofile_users"."id" = $1 LIMIT $2[0m  [["id", 1], ["LIMIT", 1]]
  ↳ /home/sitheris/.rbenv/versions/2.5.0/lib/ruby/gems/2.5.0/gems/activerecord-5.2.1/lib/active_record/log_subscriber.rb:98
  Rendering /home/sitheris/dev/railsapps/oluprofile/app/views/oluprofile/users/index.html.erb within layouts/oluprofile/application
  [1m[36mOluprofile::User Load (0.7ms)[0m  [1m[34mSELECT "oluprofile_users".* FROM "oluprofile_users"[0m
  ↳ /home/sitheris/dev/railsapps/oluprofile/app/views/oluprofile/users/index.html.erb:19
  Rendered /home/sitheris/dev/railsapps/oluprofile/app/views/oluprofile/users/index.html.erb within layouts/oluprofile/application (3.0ms)
Completed 200 OK in 21ms (Views: 16.9ms | ActiveRecord: 1.1ms)


Started POST "/oluprofile/logout" for 127.0.0.1 at 2018-08-20 06:54:05 -0400
Processing by Oluprofile::UserSessionsController#destroy as HTML
  Parameters: {"authenticity_token"=>"AIIP6DUf+CudnL1TQM7NueIKwkOXFUxhJLzBdEzwzZvODo6x98FdMO95DvviXLJ++nG4bvCaSLcGB50wj+CmBQ=="}
  [1m[36mOluprofile::User Load (0.5ms)[0m  [1m[34mSELECT  "oluprofile_users".* FROM "oluprofile_users" WHERE "oluprofile_users"."id" = $1 LIMIT $2[0m  [["id", 1], ["LIMIT", 1]]
  ↳ /home/sitheris/.rbenv/versions/2.5.0/lib/ruby/gems/2.5.0/gems/activerecord-5.2.1/lib/active_record/log_subscriber.rb:98
Redirected to http://localhost:3000/oluprofile/users
Completed 302 Found in 3ms (ActiveRecord: 0.5ms)


Started GET "/oluprofile/users" for 127.0.0.1 at 2018-08-20 06:54:05 -0400
Processing by Oluprofile::UsersController#index as HTML
Redirected to http://localhost:3000/oluprofile/login
Filter chain halted as :require_login rendered or redirected
Completed 302 Found in 1ms (ActiveRecord: 0.0ms)


Started GET "/oluprofile/login" for 127.0.0.1 at 2018-08-20 06:54:05 -0400
Processing by Oluprofile::UserSessionsController#new as HTML
  Rendering /home/sitheris/dev/railsapps/oluprofile/app/views/oluprofile/user_sessions/new.html.erb within layouts/oluprofile/application
  Rendered /home/sitheris/dev/railsapps/oluprofile/app/views/oluprofile/user_sessions/_form.html.erb (1.3ms)
  Rendered /home/sitheris/dev/railsapps/oluprofile/app/views/oluprofile/user_sessions/new.html.erb within layouts/oluprofile/application (3.8ms)
Completed 200 OK in 19ms (Views: 18.0ms | ActiveRecord: 0.0ms)


Started GET "/oluprofile/login" for 127.0.0.1 at 2018-08-20 06:54:08 -0400
Processing by Oluprofile::UserSessionsController#new as HTML
  Rendering /home/sitheris/dev/railsapps/oluprofile/app/views/oluprofile/user_sessions/new.html.erb within layouts/oluprofile/application
  Rendered /home/sitheris/dev/railsapps/oluprofile/app/views/oluprofile/user_sessions/_form.html.erb (2.3ms)
  Rendered /home/sitheris/dev/railsapps/oluprofile/app/views/oluprofile/user_sessions/new.html.erb within layouts/oluprofile/application (4.1ms)
Completed 200 OK in 22ms (Views: 20.7ms | ActiveRecord: 0.0ms)


Started GET "/oluprofile/users" for 127.0.0.1 at 2018-08-20 06:54:27 -0400
Processing by Oluprofile::UsersController#index as HTML
Redirected to http://localhost:3000/oluprofile/login
Filter chain halted as :require_login rendered or redirected
Completed 302 Found in 1ms (ActiveRecord: 0.0ms)


Started GET "/oluprofile/login" for 127.0.0.1 at 2018-08-20 06:54:27 -0400
Processing by Oluprofile::UserSessionsController#new as HTML
  Rendering /home/sitheris/dev/railsapps/oluprofile/app/views/oluprofile/user_sessions/new.html.erb within layouts/oluprofile/application
  Rendered /home/sitheris/dev/railsapps/oluprofile/app/views/oluprofile/user_sessions/_form.html.erb (1.4ms)
  Rendered /home/sitheris/dev/railsapps/oluprofile/app/views/oluprofile/user_sessions/new.html.erb within layouts/oluprofile/application (3.1ms)
Completed 200 OK in 24ms (Views: 22.5ms | ActiveRecord: 0.0ms)


Started GET "/oluprofile/login" for 127.0.0.1 at 2018-08-20 06:54:42 -0400
Processing by Oluprofile::UserSessionsController#new as HTML
  Rendering /home/sitheris/dev/railsapps/oluprofile/app/views/oluprofile/user_sessions/new.html.erb within layouts/oluprofile/application
  Rendered /home/sitheris/dev/railsapps/oluprofile/app/views/oluprofile/user_sessions/_form.html.erb (1.8ms)
  Rendered /home/sitheris/dev/railsapps/oluprofile/app/views/oluprofile/user_sessions/new.html.erb within layouts/oluprofile/application (3.7ms)
Completed 200 OK in 24ms (Views: 21.9ms | ActiveRecord: 0.0ms)


Started POST "/oluprofile/user_sessions" for 127.0.0.1 at 2018-08-20 06:54:48 -0400
Processing by Oluprofile::UserSessionsController#create as HTML
  Parameters: {"utf8"=>"✓", "authenticity_token"=>"VHaQOIOh0MZB1VOcnN/WaEzHRTpNl8laLU7euu8zkQ6mjAViri9e23cX87BFRWSVIfxC6282MWneNHseKkC61w==", "email"=>"john@gmail.com", "password"=>"[FILTERED]", "commit"=>"Login"}
  [1m[36mOluprofile::User Load (0.7ms)[0m  [1m[34mSELECT  "oluprofile_users".* FROM "oluprofile_users" WHERE "oluprofile_users"."email" = 'john@gmail.com' ORDER BY "oluprofile_users"."id" ASC LIMIT $1[0m  [["LIMIT", 1]]
  ↳ /home/sitheris/dev/railsapps/oluprofile/app/controllers/oluprofile/user_sessions_controller.rb:10
Redirected to http://localhost:3000/oluprofile/users
Completed 302 Found in 150ms (ActiveRecord: 0.7ms)


Started GET "/oluprofile/users" for 127.0.0.1 at 2018-08-20 06:54:49 -0400
Processing by Oluprofile::UsersController#index as HTML
  [1m[36mOluprofile::User Load (0.4ms)[0m  [1m[34mSELECT  "oluprofile_users".* FROM "oluprofile_users" WHERE "oluprofile_users"."id" = $1 LIMIT $2[0m  [["id", 1], ["LIMIT", 1]]
  ↳ /home/sitheris/.rbenv/versions/2.5.0/lib/ruby/gems/2.5.0/gems/activerecord-5.2.1/lib/active_record/log_subscriber.rb:98
  Rendering /home/sitheris/dev/railsapps/oluprofile/app/views/oluprofile/users/index.html.erb within layouts/oluprofile/application
  [1m[36mOluprofile::User Load (0.4ms)[0m  [1m[34mSELECT "oluprofile_users".* FROM "oluprofile_users"[0m
  ↳ /home/sitheris/dev/railsapps/oluprofile/app/views/oluprofile/users/index.html.erb:19
  Rendered /home/sitheris/dev/railsapps/oluprofile/app/views/oluprofile/users/index.html.erb within layouts/oluprofile/application (2.2ms)
Completed 200 OK in 22ms (Views: 19.0ms | ActiveRecord: 0.8ms)


Started POST "/oluprofile/logout" for 127.0.0.1 at 2018-08-20 06:54:53 -0400
Processing by Oluprofile::UserSessionsController#destroy as HTML
  Parameters: {"authenticity_token"=>"6xZGC/7fBbW1H8OSbtQVJ03D3pN8RBcXe7VtcEeRMJsZ7NNR01GLqIPdY763TqfaIPjZQl7l7ySIz8jUguIbQg=="}
  [1m[36mOluprofile::User Load (0.7ms)[0m  [1m[34mSELECT  "oluprofile_users".* FROM "oluprofile_users" WHERE "oluprofile_users"."id" = $1 LIMIT $2[0m  [["id", 1], ["LIMIT", 1]]
  ↳ /home/sitheris/.rbenv/versions/2.5.0/lib/ruby/gems/2.5.0/gems/activerecord-5.2.1/lib/active_record/log_subscriber.rb:98
Redirected to http://localhost:3000/oluprofile/users
Completed 302 Found in 4ms (ActiveRecord: 0.7ms)


Started GET "/oluprofile/users" for 127.0.0.1 at 2018-08-20 06:54:53 -0400
Processing by Oluprofile::UsersController#index as HTML
Redirected to http://localhost:3000/oluprofile/login
Filter chain halted as :require_login rendered or redirected
Completed 302 Found in 1ms (ActiveRecord: 0.0ms)


Started GET "/oluprofile/login" for 127.0.0.1 at 2018-08-20 06:54:53 -0400
Processing by Oluprofile::UserSessionsController#new as HTML
  Rendering /home/sitheris/dev/railsapps/oluprofile/app/views/oluprofile/user_sessions/new.html.erb within layouts/oluprofile/application
  Rendered /home/sitheris/dev/railsapps/oluprofile/app/views/oluprofile/user_sessions/_form.html.erb (1.3ms)
  Rendered /home/sitheris/dev/railsapps/oluprofile/app/views/oluprofile/user_sessions/new.html.erb within layouts/oluprofile/application (2.8ms)
Completed 200 OK in 25ms (Views: 23.9ms | ActiveRecord: 0.0ms)


